<?xml version="1.0" encoding="UTF-8"?>
<!-- Generated by org.testng.reporters.JUnitReportReporter -->
<testsuite hostname="KSRINIVASAN-HP" name="Runner" tests="4" failures="0" timestamp="13 May 2020 07:23:33 GMT" time="3.809" errors="0">
  <testcase name="runScenario" time="1.060" classname="Runner"/>
  <testcase name="runScenario" time="0.835" classname="Runner"/>
  <testcase name="runScenario" time="0.918" classname="Runner"/>
  <testcase name="runScenario" time="0.996" classname="Runner"/>
</testsuite> <!-- Runner -->
